<?xml version="1.0" encoding="UTF-8"?>
<testsuite name="Tests" tests="3" skipped="0" failures="0" errors="0" timestamp="2025-11-11T17:43:20" hostname="DESKTOP-T6BLNLD" time="0.065">
  <properties/>
  <testcase name="[1] [2, 4, 2, 3, -2], 4" classname="Tests" time="0.05"/>
  <testcase name="[2] [1, 33, 5, 7, 9], 33" classname="Tests" time="0.003"/>
  <testcase name="[3] [-12, -10, -3, -6, -9], -3" classname="Tests" time="0.003"/>
  <system-out><![CDATA[]]></system-out>
  <system-err><![CDATA[]]></system-err>
</testsuite>
