<?xml version="1.0" encoding="UTF-8"?>
<testsuite name="Tests" tests="4" skipped="0" failures="0" errors="0" timestamp="2025-11-05T16:58:04" hostname="DESKTOP-T6BLNLD" time="0.034">
  <properties/>
  <testcase name="[1] [5, 15], [15]" classname="Tests" time="0.025"/>
  <testcase name="[2] [7, 5], [7]" classname="Tests" time="0.001"/>
  <testcase name="[3] [1, 10], [10]" classname="Tests" time="0.001"/>
  <testcase name="[4] [-7, 0], [0]" classname="Tests" time="0.001"/>
  <system-out><![CDATA[]]></system-out>
  <system-err><![CDATA[]]></system-err>
</testsuite>
