<?xml version="1.0" encoding="UTF-8"?>
<testsuite name="Tests" tests="3" skipped="0" failures="0" errors="0" timestamp="2025-11-11T17:45:04" hostname="DESKTOP-T6BLNLD" time="0.09">
  <properties/>
  <testcase name="[1] aa2aa3, 23" classname="Tests" time="0.074"/>
  <testcase name="[2] aa!!%$#.10aa, 10" classname="Tests" time="0.004"/>
  <testcase name="[3] ja2va9i1sthe4be10st, 291410" classname="Tests" time="0.002"/>
  <system-out><![CDATA[]]></system-out>
  <system-err><![CDATA[]]></system-err>
</testsuite>
