<?xml version="1.0" encoding="UTF-8"?>
<testsuite name="Tests" tests="4" skipped="0" failures="0" errors="0" timestamp="2025-11-11T17:40:58" hostname="DESKTOP-T6BLNLD" time="0.076">
  <properties/>
  <testcase name="[1] [java methods, me], java [me]thods" classname="Tests" time="0.058"/>
  <testcase name="[2] [Certified Wooden Spoon, o], Certified W[o][o]den Sp[o][o]n" classname="Tests" time="0.003"/>
  <testcase name="[3] [hello hello, ello], h[ello] h[ello]" classname="Tests" time="0.001"/>
  <testcase name="[4] [apples, pears], [apples]" classname="Tests" time="0.001"/>
  <system-out><![CDATA[]]></system-out>
  <system-err><![CDATA[]]></system-err>
</testsuite>
