<?xml version="1.0" encoding="UTF-8"?>
<testsuite name="Tests" tests="4" skipped="0" failures="0" errors="0" timestamp="2025-11-11T17:42:57" hostname="DESKTOP-T6BLNLD" time="0.091">
  <properties/>
  <testcase name="[1] [1, 5, 5, 1, 1], true" classname="Tests" time="0.07"/>
  <testcase name="[2] [1, 5, 4, 1, 5], false" classname="Tests" time="0.004"/>
  <testcase name="[3] [1, 4, 4, 1, 99], false" classname="Tests" time="0.003"/>
  <testcase name="[4] [1, 5, 1, 2, 5, 5], true" classname="Tests" time="0.001"/>
  <system-out><![CDATA[]]></system-out>
  <system-err><![CDATA[]]></system-err>
</testsuite>
