<?xml version="1.0" encoding="UTF-8"?>
<testsuite name="Tests" tests="3" skipped="0" failures="0" errors="0" timestamp="2025-11-11T17:43:58" hostname="DESKTOP-T6BLNLD" time="0.083">
  <properties/>
  <testcase name="[1] [1, 2, 3], [4, 5], [1, 4, 2, 5, 3]" classname="Tests" time="0.067"/>
  <testcase name="[2] [5, 25, 1], [0, 3, 6], [5, 0, 25, 3, 1, 6]" classname="Tests" time="0.004"/>
  <testcase name="[3] [8], [4, 10, 9, 2], [8, 4, 10, 9, 2]" classname="Tests" time="0.003"/>
  <system-out><![CDATA[]]></system-out>
  <system-err><![CDATA[]]></system-err>
</testsuite>
