<?xml version="1.0" encoding="UTF-8"?>
<testsuite name="Tests" tests="4" skipped="0" failures="0" errors="0" timestamp="2025-11-05T16:58:17" hostname="DESKTOP-T6BLNLD" time="0.036">
  <properties/>
  <testcase name="[1] [50, 123], [1]" classname="Tests" time="0.027"/>
  <testcase name="[2] [10, 10], [1]" classname="Tests" time="0.001"/>
  <testcase name="[3] [50, 33], [-1]" classname="Tests" time="0.001"/>
  <testcase name="[4] [144, 21], [-1]" classname="Tests" time="0.001"/>
  <system-out><![CDATA[]]></system-out>
  <system-err><![CDATA[]]></system-err>
</testsuite>
