<?xml version="1.0" encoding="UTF-8"?>
<testsuite name="Tests" tests="4" skipped="0" failures="0" errors="0" timestamp="2025-11-05T16:59:18" hostname="DESKTOP-T6BLNLD" time="0.032">
  <properties/>
  <testcase name="[1] [y], [request, processed]" classname="Tests" time="0.024"/>
  <testcase name="[2] [n], [Thank]" classname="Tests" time="0.002"/>
  <testcase name="[3] [h], [Sorry, no]" classname="Tests" time="0.001"/>
  <testcase name="[4] [a], [Invalid]" classname="Tests" time="0.001"/>
  <system-out><![CDATA[]]></system-out>
  <system-err><![CDATA[]]></system-err>
</testsuite>
