<?xml version="1.0" encoding="UTF-8"?>
<testsuite name="Tests" tests="4" skipped="0" failures="0" errors="0" timestamp="2025-11-11T17:40:47" hostname="DESKTOP-T6BLNLD" time="0.072">
  <properties/>
  <testcase name="[1] java, jav" classname="Tests" time="0.059"/>
  <testcase name="[2] mama, ma" classname="Tests" time="0.003"/>
  <testcase name="[3] spoon, spon" classname="Tests" time="0.001"/>
  <testcase name="[4] aaaaaaaabbbbbbbbccccccccc, abc" classname="Tests" time="0.001"/>
  <system-out><![CDATA[]]></system-out>
  <system-err><![CDATA[]]></system-err>
</testsuite>
