<?xml version="1.0" encoding="UTF-8"?>
<testsuite name="Tests" tests="4" skipped="0" failures="0" errors="0" timestamp="2025-11-05T16:55:44" hostname="DESKTOP-T6BLNLD" time="0.039">
  <properties/>
  <testcase name="[1] 5, 9" classname="Tests" time="0.029"/>
  <testcase name="[2] 10, 14" classname="Tests" time="0.001"/>
  <testcase name="[3] 0, 4" classname="Tests" time="0.001"/>
  <testcase name="[4] 3, 7" classname="Tests" time="0.001"/>
  <system-out><![CDATA[]]></system-out>
  <system-err><![CDATA[]]></system-err>
</testsuite>
