<?xml version="1.0" encoding="UTF-8"?>
<testsuite name="Tests" tests="4" skipped="0" failures="0" errors="0" timestamp="2025-11-11T17:20:52" hostname="DESKTOP-T6BLNLD" time="0.029">
  <properties/>
  <testcase name="[1] 7, false" classname="Tests" time="0.023"/>
  <testcase name="[2] 4, true" classname="Tests" time="0.001"/>
  <testcase name="[3] 95, false" classname="Tests" time="0.0"/>
  <testcase name="[4] 10, true" classname="Tests" time="0.001"/>
  <system-out><![CDATA[]]></system-out>
  <system-err><![CDATA[]]></system-err>
</testsuite>
