<?xml version="1.0" encoding="UTF-8"?>
<testsuite name="Tests" tests="3" skipped="0" failures="0" errors="0" timestamp="2025-11-11T17:31:56" hostname="DESKTOP-T6BLNLD" time="0.03">
  <properties/>
  <testcase name="[1] [Java, SQL], [Java, SQL]" classname="Tests" time="0.025"/>
  <testcase name="[2] [API, Selenium], [API, Selenium]" classname="Tests" time="0.001"/>
  <testcase name="[3] [SoftSkills, Git], [SoftSkills, Git]" classname="Tests" time="0.001"/>
  <system-out><![CDATA[]]></system-out>
  <system-err><![CDATA[]]></system-err>
</testsuite>
