<?xml version="1.0" encoding="UTF-8"?>
<testsuite name="Tests" tests="3" skipped="0" failures="0" errors="0" timestamp="2025-11-11T17:46:08" hostname="DESKTOP-T6BLNLD" time="0.104">
  <properties/>
  <testcase name="[1] [7, 7, 7], 7, 3" classname="Tests" time="0.078"/>
  <testcase name="[2] [9, 1], 3, 4" classname="Tests" time="0.005"/>
  <testcase name="[3] [100, 200, 10], 10, 31" classname="Tests" time="0.006"/>
  <system-out><![CDATA[]]></system-out>
  <system-err><![CDATA[]]></system-err>
</testsuite>
