<?xml version="1.0" encoding="UTF-8"?>
<testsuite name="Tests" tests="4" skipped="0" failures="0" errors="0" timestamp="2025-11-11T17:44:24" hostname="DESKTOP-T6BLNLD" time="0.149">
  <properties/>
  <testcase name="[1] Java is fun, fun is Java" classname="Tests" time="0.111"/>
  <testcase name="[2] Hello! How are you?, you? are How Hello!" classname="Tests" time="0.007"/>
  <testcase name="[3] Getting up at dawn is for the birds., birds. the for is dawn at up Getting" classname="Tests" time="0.003"/>
  <testcase name="[4] They're playing the piano while flying in the plane., plane. the in flying while piano the playing They're" classname="Tests" time="0.004"/>
  <system-out><![CDATA[]]></system-out>
  <system-err><![CDATA[]]></system-err>
</testsuite>
