<?xml version="1.0" encoding="UTF-8"?>
<testsuite name="Tests" tests="3" skipped="0" failures="0" errors="0" timestamp="2025-11-11T17:43:45" hostname="DESKTOP-T6BLNLD" time="0.085">
  <properties/>
  <testcase name="[1] [2, 1, 2, 3, 4], 10, [2, 1, 2, 3, 4, 10]" classname="Tests" time="0.069"/>
  <testcase name="[2] [1, 3, 5, 7, 9], 21, [1, 3, 5, 7, 9, 21]" classname="Tests" time="0.002"/>
  <testcase name="[3] [7, 325, 4, 94, 15], 38, [7, 325, 4, 94, 15, 38]" classname="Tests" time="0.003"/>
  <system-out><![CDATA[]]></system-out>
  <system-err><![CDATA[]]></system-err>
</testsuite>
